make --dry-run --always-make --keep-going --print-directory
make: Entering directory `/Users/ooz/Desktop/ecole_42/minitalk'
/Applications/Xcode.app/Contents/Developer/usr/bin/make -C Libft 
make[1]: Entering directory `/Users/ooz/Desktop/ecole_42/minitalk/libft'
gcc -c ft_isalpha.c -o ft_isalpha.o -Wall -Wextra -Werror
gcc -c ft_isdigit.c -o ft_isdigit.o -Wall -Wextra -Werror
gcc -c ft_isalnum.c -o ft_isalnum.o -Wall -Wextra -Werror
gcc -c ft_isascii.c -o ft_isascii.o -Wall -Wextra -Werror
gcc -c ft_isprint.c -o ft_isprint.o -Wall -Wextra -Werror
gcc -c ft_strlen.c -o ft_strlen.o -Wall -Wextra -Werror
gcc -c ft_memset.c -o ft_memset.o -Wall -Wextra -Werror
gcc -c ft_bzero.c -o ft_bzero.o -Wall -Wextra -Werror
gcc -c ft_memcpy.c -o ft_memcpy.o -Wall -Wextra -Werror
gcc -c ft_memmove.c -o ft_memmove.o -Wall -Wextra -Werror
gcc -c ft_strlcpy.c -o ft_strlcpy.o -Wall -Wextra -Werror
gcc -c ft_strlcat.c -o ft_strlcat.o -Wall -Wextra -Werror
gcc -c ft_toupper.c -o ft_toupper.o -Wall -Wextra -Werror
gcc -c ft_tolower.c -o ft_tolower.o -Wall -Wextra -Werror
gcc -c ft_strchr.c -o ft_strchr.o -Wall -Wextra -Werror
gcc -c ft_strrchr.c -o ft_strrchr.o -Wall -Wextra -Werror
gcc -c ft_strncmp.c -o ft_strncmp.o -Wall -Wextra -Werror
gcc -c ft_memchr.c -o ft_memchr.o -Wall -Wextra -Werror
gcc -c ft_memcmp.c -o ft_memcmp.o -Wall -Wextra -Werror
gcc -c ft_strnstr.c -o ft_strnstr.o -Wall -Wextra -Werror
gcc -c ft_atoi.c -o ft_atoi.o -Wall -Wextra -Werror
gcc -c ft_calloc.c -o ft_calloc.o -Wall -Wextra -Werror
gcc -c ft_strdup.c -o ft_strdup.o -Wall -Wextra -Werror
gcc -c ft_substr.c -o ft_substr.o -Wall -Wextra -Werror
gcc -c ft_strjoin.c -o ft_strjoin.o -Wall -Wextra -Werror
gcc -c ft_strtrim.c -o ft_strtrim.o -Wall -Wextra -Werror
gcc -c ft_split.c -o ft_split.o -Wall -Wextra -Werror
gcc -c ft_itoa.c -o ft_itoa.o -Wall -Wextra -Werror
gcc -c ft_strmapi.c -o ft_strmapi.o -Wall -Wextra -Werror
gcc -c ft_striteri.c -o ft_striteri.o -Wall -Wextra -Werror
gcc -c ft_putchar_fd.c -o ft_putchar_fd.o -Wall -Wextra -Werror
gcc -c ft_putstr_fd.c -o ft_putstr_fd.o -Wall -Wextra -Werror
gcc -c ft_putendl_fd.c -o ft_putendl_fd.o -Wall -Wextra -Werror
gcc -c ft_putnbr_fd.c -o ft_putnbr_fd.o -Wall -Wextra -Werror
gcc -c ft_lstnew.c -o ft_lstnew.o -Wall -Wextra -Werror
gcc -c ft_lstadd_front.c -o ft_lstadd_front.o -Wall -Wextra -Werror
gcc -c ft_lstsize.c -o ft_lstsize.o -Wall -Wextra -Werror
gcc -c ft_lstlast.c -o ft_lstlast.o -Wall -Wextra -Werror
gcc -c ft_lstadd_back.c -o ft_lstadd_back.o -Wall -Wextra -Werror
gcc -c ft_lstdelone.c -o ft_lstdelone.o -Wall -Wextra -Werror
gcc -c ft_lstclear.c -o ft_lstclear.o -Wall -Wextra -Werror
gcc -c ft_lstiter.c -o ft_lstiter.o -Wall -Wextra -Werror
gcc -c ft_lstmap.c -o ft_lstmap.o -Wall -Wextra -Werror
gcc -c get_next_line_bonus.c -o get_next_line_bonus.o -Wall -Wextra -Werror
gcc -c ft_printf.c -o ft_printf.o -Wall -Wextra -Werror
gcc -c ft_printf_utils.c -o ft_printf_utils.o -Wall -Wextra -Werror
ar -rcs libft.a ft_isalpha.o ft_isdigit.o ft_isalnum.o ft_isascii.o ft_isprint.o ft_strlen.o ft_memset.o ft_bzero.o ft_memcpy.o ft_memmove.o ft_strlcpy.o ft_strlcat.o ft_toupper.o ft_tolower.o ft_strchr.o ft_strrchr.o ft_strncmp.o ft_memchr.o ft_memcmp.o ft_strnstr.o ft_atoi.o ft_calloc.o ft_strdup.o ft_substr.o ft_strjoin.o ft_strtrim.o ft_split.o ft_itoa.o ft_strmapi.o ft_striteri.o ft_putchar_fd.o ft_putstr_fd.o ft_putendl_fd.o ft_putnbr_fd.o ft_lstnew.o ft_lstadd_front.o ft_lstsize.o ft_lstlast.o ft_lstadd_back.o ft_lstdelone.o ft_lstclear.o ft_lstiter.o ft_lstmap.o get_next_line_bonus.o ft_printf.o ft_printf_utils.o
make[1]: Leaving directory `/Users/ooz/Desktop/ecole_42/minitalk/libft'
gcc -Wall -Werror -Wextra -Ilibft minitalk/client.c Libft/libft.a -o client
gcc -Wall -Werror -Wextra -Ilibft minitalk/server.c Libft/libft.a -o server
make: Leaving directory `/Users/ooz/Desktop/ecole_42/minitalk'
 
