make all --print-data-base --no-builtin-variables --no-builtin-rules --question
# GNU Make 3.81
# Copyright (C) 2006  Free Software Foundation, Inc.
# This is free software; see the source for copying conditions.
# There is NO warranty; not even for MERCHANTABILITY or FITNESS FOR A
# PARTICULAR PURPOSE.

# This program built for i386-apple-darwin11.3.0
 
/Applications/Xcode.app/Contents/Developer/usr/bin/make -C Libft 
 
# GNU Make 3.81
# Copyright (C) 2006  Free Software Foundation, Inc.
# This is free software; see the source for copying conditions.
# There is NO warranty; not even for MERCHANTABILITY or FITNESS FOR A
# PARTICULAR PURPOSE.

# This program built for i386-apple-darwin11.3.0

# Make data base, printed on Mon Feb 28 23:27:50 2022

# Variables

# automatic
<D = $(patsubst %/,%,$(dir $<))
# automatic
?F = $(notdir $?)
# environment
VSCODE_LOG_NATIVE = false
# automatic
?D = $(patsubst %/,%,$(dir $?))
# automatic
@D = $(patsubst %/,%,$(dir $@))
# automatic
@F = $(notdir $@)
# makefile
CURDIR := /Users/ooz/Desktop/ecole_42/minitalk/libft
# makefile
SHELL = /bin/sh
# makefile (from `Makefile', line 6)
RM = rm -rf
# environment
VSCODE_NLS_CONFIG = {"locale":"en","availableLanguages":{},"_languagePackSupport":true}
# environment
_ = /usr/bin/make
# makefile (from `Makefile', line 4)
CFLAGS = -Wall -Wextra -Werror
# makefile (from `Makefile', line 1)
MAKEFILE_LIST :=  Makefile
# environment
VSCODE_NODE_CACHED_DATA_DIR = /Users/ooz/Library/Application Support/Code/CachedData/054a9295330880ed74ceaedda236253b4f39a335
# environment
VSCODE_VERBOSE_LOGGING = true
# makefile (from `Makefile', line 55)
OBJS = $(SRCS:.c=.o)
# environment
VSCODE_IPC_HOOK_EXTHOST = /var/folders/zz/zyxvpxvq6csfxvn_n000cbb80032tt/T/vscode-ipc-cd2d72d2-5247-40e0-8d3b-a68fb864305c.sock
# environment
VSCODE_CWD = /
# environment
PATH = /usr/local/bin:/usr/bin:/bin:/usr/sbin:/sbin:/usr/local/munki:/Library/Apple/usr/bin
# makefile (from `Makefile', line 5)
ARFLAGS = -rcs
# environment
VSCODE_LOG_STACK = false
# environment
ELECTRON_RUN_AS_NODE = 1
# default
.FEATURES := target-specific order-only second-expansion else-if archives jobserver check-symlink
# environment
SSH_AUTH_SOCK = /private/tmp/com.apple.launchd.EBK4o2abMk/Listeners
# automatic
%F = $(notdir $%)
# environment
VSCODE_PIPE_LOGGING = true
# environment
PWD = /Users/ooz/Desktop/ecole_42/minitalk
# environment
ORIGINAL_XDG_CURRENT_DESKTOP = undefined
# environment
VSCODE_AMD_ENTRYPOINT = vs/workbench/services/extensions/node/extensionHostProcess
# environment
HOME = /Users/ooz
# default
MAKEFILEPATH := /Applications/Xcode.app/Contents/Developer/Makefiles
# environment
LOGNAME = ooz
# environment
APPLICATION_INSIGHTS_NO_DIAGNOSTIC_CHANNEL = true
# environment
VSCODE_HANDLES_UNCAUGHT_ERRORS = true
# automatic
^D = $(patsubst %/,%,$(dir $^))
# environment
XPC_FLAGS = 0x0
# default
MAKE = $(MAKE_COMMAND)
# makefile (from `Makefile', line 8)
SRCS = ft_isalpha.c ft_isdigit.c ft_isalnum.c ft_isascii.c ft_isprint.c ft_strlen.c ft_memset.c ft_bzero.c ft_memcpy.c ft_memmove.c ft_strlcpy.c ft_strlcat.c ft_toupper.c ft_tolower.c ft_strchr.c ft_strrchr.c ft_strncmp.c ft_memchr.c ft_memcmp.c ft_strnstr.c ft_atoi.c ft_calloc.c ft_strdup.c ft_substr.c ft_strjoin.c ft_strtrim.c ft_split.c ft_itoa.c ft_strmapi.c ft_striteri.c ft_putchar_fd.c ft_putstr_fd.c ft_putendl_fd.c ft_putnbr_fd.c ft_lstnew.c ft_lstadd_front.c ft_lstsize.c ft_lstlast.c ft_lstadd_back.c ft_lstdelone.c ft_lstclear.c ft_lstiter.c ft_lstmap.c get_next_line_bonus.c ft_printf.c ft_printf_utils.c
# environment
SHLVL = 1
# makefile (from `Makefile', line 2)
CC = gcc
# default
MAKE_VERSION := 3.81
# environment
USER = ooz
# makefile
.DEFAULT_GOAL := all
# makefile (from `Makefile', line 1)
NAME = libft
# automatic
%D = $(patsubst %/,%,$(dir $%))
# default
MAKE_COMMAND := /Applications/Xcode.app/Contents/Developer/usr/bin/make
# makefile (from `Makefile', line 3)
INC = libft.h
# default
.VARIABLES := 
# environment
TMPDIR = /var/folders/zz/zyxvpxvq6csfxvn_n000cbb80032tt/T/
# automatic
*F = $(notdir $*)
# environment
VSCODE_IPC_HOOK = /Users/ooz/Library/Application Support/Code/1.56.2-main.sock
# makefile
MAKEFLAGS = Rrqp
# environment
MFLAGS = -Rrqp
# automatic
*D = $(patsubst %/,%,$(dir $*))
# environment
XPC_SERVICE_NAME = com.microsoft.VSCode.1020
# automatic
+D = $(patsubst %/,%,$(dir $+))
# automatic
+F = $(notdir $+)
# environment
__CF_USER_TEXT_ENCODING = 0x18B5A:0x23:0x18
# default
MAKEFILES := 
# automatic
<F = $(notdir $<)
# environment
LC_ALL = C
# automatic
^F = $(notdir $^)
# default
SUFFIXES := 
# default
.INCLUDE_DIRS = /usr/local/include
# environment
MAKELEVEL := 1
# environment
LANG = C
# environment
VSCODE_PID = 8482
# variable set hash-table stats:
# Load=67/1024=7%, Rehash=0, Collisions=3/102=3%

# Pattern-specific Variable Values

# No pattern-specific variable values.

# Directories

# . (device 16777225, inode 545964): 51 files, no impossibilities.

# 51 files, no impossibilities in 1 directories.

# Implicit Rules

%.o: %.c libft.h
#  commands to execute (from `Makefile', line 63):
	$(CC) -c $< -o $@ $(CFLAGS)
	

# 1 implicit rules, 0 (0.0%) terminal.

# Files

# Not a target:
ft_strmapi.o:
#  Implicit rule search has not been done.
#  Modification time never checked.
#  File has not been updated.

# Not a target:
ft_lstiter.o:
#  Implicit rule search has not been done.
#  Modification time never checked.
#  File has not been updated.

# Not a target:
ft_memcpy.o:
#  Implicit rule search has not been done.
#  Modification time never checked.
#  File has not been updated.

# Not a target:
ft_itoa.o:
#  Implicit rule search has not been done.
#  Modification time never checked.
#  File has not been updated.

# Not a target:
ft_memcmp.o:
#  Implicit rule search has not been done.
#  Modification time never checked.
#  File has not been updated.

# Not a target:
ft_strlen.o:
#  Implicit rule search has not been done.
#  Modification time never checked.
#  File has not been updated.

# Not a target:
ft_isdigit.o:
#  Implicit rule search has not been done.
#  Modification time never checked.
#  File has not been updated.

all: libft.a
#  Phony target (prerequisite of .PHONY).
#  Implicit rule search has not been done.
#  File does not exist.
#  File has been updated.
#  Needs to be updated (-q is set).
# variable set hash-table stats:
# Load=0/32=0%, Rehash=0, Collisions=0/4=0%

# Not a target:
ft_lstlast.o:
#  Implicit rule search has not been done.
#  Modification time never checked.
#  File has not been updated.

# Not a target:
ft_memchr.o:
#  Implicit rule search has not been done.
#  Modification time never checked.
#  File has not been updated.

.PHONY: all clean fclean re norm watch
#  Implicit rule search has not been done.
#  Modification time never checked.
#  File has not been updated.

# Not a target:
ft_tolower.o:
#  Implicit rule search has not been done.
#  Modification time never checked.
#  File has not been updated.

# Not a target:
ft_strrchr.o:
#  Implicit rule search has not been done.
#  Modification time never checked.
#  File has not been updated.

# Not a target:
ft_strjoin.o:
#  Implicit rule search has not been done.
#  Modification time never checked.
#  File has not been updated.

# Not a target:
ft_split.o:
#  Implicit rule search has not been done.
#  Modification time never checked.
#  File has not been updated.

# Not a target:
ft_lstclear.o:
#  Implicit rule search has not been done.
#  Modification time never checked.
#  File has not been updated.

# Not a target:
ft_printf.o:
#  Implicit rule search has not been done.
#  Modification time never checked.
#  File has not been updated.

# Not a target:
ft_strlcat.o:
#  Implicit rule search has not been done.
#  Modification time never checked.
#  File has not been updated.

# Not a target:
.SUFFIXES:
#  Implicit rule search has not been done.
#  Modification time never checked.
#  File has not been updated.

# Not a target:
Makefile:
#  Implicit rule search has been done.
#  Last modified 2022-02-28 23:26:55
#  File has been updated.
#  Successfully updated.
# variable set hash-table stats:
# Load=0/32=0%, Rehash=0, Collisions=0/0=0%

# Not a target:
ft_isprint.o:
#  Implicit rule search has not been done.
#  Modification time never checked.
#  File has not been updated.

 
libft.a: ft_isalpha.o ft_isdigit.o ft_isalnum.o ft_isascii.o ft_isprint.o ft_strlen.o ft_memset.o ft_bzero.o ft_memcpy.o ft_memmove.o ft_strlcpy.o ft_strlcat.o ft_toupper.o ft_tolower.o ft_strchr.o ft_strrchr.o ft_strncmp.o ft_memchr.o ft_memcmp.o ft_strnstr.o ft_atoi.o ft_calloc.o ft_strdup.o ft_substr.o ft_strjoin.o ft_strtrim.o ft_split.o ft_itoa.o ft_strmapi.o ft_striteri.o ft_putchar_fd.o ft_putstr_fd.o ft_putendl_fd.o ft_putnbr_fd.o ft_lstnew.o ft_lstadd_front.o ft_lstsize.o ft_lstlast.o ft_lstadd_back.o ft_lstdelone.o ft_lstclear.o ft_lstiter.o ft_lstmap.o get_next_line_bonus.o ft_printf.o ft_printf_utils.o
#  Implicit rule search has not been done.
#  File does not exist.
#  File has been updated.
#  Needs to be updated (-q is set).
# variable set hash-table stats:
# Load=0/32=0%, Rehash=0, Collisions=0/4=0%
#  commands to execute (from `Makefile', line 60):
	ar $(ARFLAGS) $(NAME).a $(OBJS)
	

# Not a target:
ft_striteri.o:
#  Implicit rule search has not been done.
#  Modification time never checked.
#  File has not been updated.

# Not a target:
ft_bzero.o:
#  Implicit rule search has not been done.
#  Modification time never checked.
#  File has not been updated.

# Not a target:
ft_lstnew.o:
#  Implicit rule search has not been done.
#  Modification time never checked.
#  File has not been updated.

# Not a target:
ft_isalpha.c:
#  Implicit rule search has been done.
#  Last modified 2022-02-28 23:26:55
#  File has been updated.
#  Successfully updated.
# variable set hash-table stats:
# Load=0/32=0%, Rehash=0, Collisions=0/0=0%

# Not a target:
ft_putnbr_fd.o:
#  Implicit rule search has not been done.
#  Modification time never checked.
#  File has not been updated.

fclean: clean
#  Phony target (prerequisite of .PHONY).
#  Implicit rule search has not been done.
#  File does not exist.
#  File has not been updated.
#  commands to execute (from `Makefile', line 69):
	$(RM) $(NAME).a
	

# Not a target:
ft_calloc.o:
#  Implicit rule search has not been done.
#  Modification time never checked.
#  File has not been updated.

watch:
#  Phony target (prerequisite of .PHONY).
#  Implicit rule search has not been done.
#  File does not exist.
#  File has not been updated.
#  commands to execute (from `Makefile', line 75):
	@while :; do ABC=$$(make 2>&1); clear; echo $$ABC; sleep 0.5; done
	

# Not a target:
ft_substr.o:
#  Implicit rule search has not been done.
#  Modification time never checked.
#  File has not been updated.

norm:
#  Phony target (prerequisite of .PHONY).
#  Implicit rule search has not been done.
#  File does not exist.
#  File has not been updated.
#  commands to execute (from `Makefile', line 72):
	@norminette *.[ch] | grep ': OK!' -v || printf '\nHepsi doğru!\n\n'
	

ft_isalpha.o: ft_isalpha.c libft.h
#  Implicit rule search has been done.
#  Implicit/static pattern stem: `ft_isalpha'
#  File does not exist.
#  File has been updated.
#  Needs to be updated (-q is set).
# automatic
# @ := ft_isalpha.o
# automatic
# % := 
# automatic
# * := ft_isalpha
# automatic
# + := ft_isalpha.c libft.h
# automatic
# | := 
# automatic
# < := ft_isalpha.c
# automatic
# ^ := ft_isalpha.c libft.h
# automatic
# ? := ft_isalpha.c libft.h
# variable set hash-table stats:
# Load=8/32=25%, Rehash=0, Collisions=1/14=7%
#  commands to execute (from `Makefile', line 63):
	$(CC) -c $< -o $@ $(CFLAGS)
	

# Not a target:
ft_lstsize.o:
#  Implicit rule search has not been done.
#  Modification time never checked.
#  File has not been updated.

# Not a target:
.DEFAULT:
#  Implicit rule search has not been done.
#  Modification time never checked.
#  File has not been updated.

# Not a target:
get_next_line_bonus.o:
#  Implicit rule search has not been done.
#  Modification time never checked.
#  File has not been updated.

# Not a target:
ft_strlcpy.o:
#  Implicit rule search has not been done.
#  Modification time never checked.
#  File has not been updated.

# Not a target:
ft_lstmap.o:
#  Implicit rule search has not been done.
#  Modification time never checked.
#  File has not been updated.

# Not a target:
ft_strncmp.o:
#  Implicit rule search has not been done.
#  Modification time never checked.
#  File has not been updated.

re: fclean all
#  Phony target (prerequisite of .PHONY).
#  Implicit rule search has not been done.
#  File does not exist.
#  File has not been updated.

clean:
#  Phony target (prerequisite of .PHONY).
#  Implicit rule search has not been done.
#  File does not exist.
#  File has not been updated.
#  commands to execute (from `Makefile', line 66):
	$(RM) $(OBJS) $(OBJS_BONUS)
	

# Not a target:
ft_isalnum.o:
#  Implicit rule search has not been done.
#  Modification time never checked.
#  File has not been updated.

# Not a target:
ft_lstadd_front.o:
#  Implicit rule search has not been done.
#  Modification time never checked.
#  File has not been updated.

# Not a target:
ft_strdup.o:
#  Implicit rule search has not been done.
#  Modification time never checked.
#  File has not been updated.

# Not a target:
ft_lstdelone.o:
#  Implicit rule search has not been done.
#  Modification time never checked.
#  File has not been updated.

# Not a target:
libft.h:
#  Implicit rule search has been done.
#  Last modified 2022-02-28 23:26:55
#  File has been updated.
#  Successfully updated.
# variable set hash-table stats:
# Load=0/32=0%, Rehash=0, Collisions=0/0=0%

# Not a target:
ft_memmove.o:
#  Implicit rule search has not been done.
#  Modification time never checked.
#  File has not been updated.

# Not a target:
ft_strchr.o:
#  Implicit rule search has not been done.
#  Modification time never checked.
#  File has not been updated.

# Not a target:
ft_toupper.o:
#  Implicit rule search has not been done.
#  Modification time never checked.
#  File has not been updated.

# Not a target:
ft_strnstr.o:
#  Implicit rule search has not been done.
#  Modification time never checked.
#  File has not been updated.

# Not a target:
ft_putstr_fd.o:
#  Implicit rule search has not been done.
#  Modification time never checked.
#  File has not been updated.

# Not a target:
ft_atoi.o:
#  Implicit rule search has not been done.
#  Modification time never checked.
#  File has not been updated.

# Not a target:
ft_printf_utils.o:
#  Implicit rule search has not been done.
#  Modification time never checked.
#  File has not been updated.

# Not a target:
ft_memset.o:
#  Implicit rule search has not been done.
#  Modification time never checked.
#  File has not been updated.

# Not a target:
ft_putchar_fd.o:
#  Implicit rule search has not been done.
#  Modification time never checked.
#  File has not been updated.

# Not a target:
ft_isascii.o:
#  Implicit rule search has not been done.
#  Modification time never checked.
#  File has not been updated.

# Not a target:
ft_strtrim.o:
#  Implicit rule search has not been done.
#  Modification time never checked.
#  File has not been updated.

# Not a target:
ft_lstadd_back.o:
#  Implicit rule search has not been done.
#  Modification time never checked.
#  File has not been updated.

# Not a target:
ft_putendl_fd.o:
#  Implicit rule search has not been done.
#  Modification time never checked.
#  File has not been updated.

# files hash-table stats:
# Load=59/1024=6%, Rehash=0, Collisions=13/132=10%
# VPATH Search Paths

# No `vpath' search paths.

# No general (`VPATH' variable) search path.

# # of strings in strcache: 1
# # of strcache buffers: 1
# strcache size: total = 4096 / max = 4096 / min = 4096 / avg = 4096
# strcache free: total = 4087 / max = 4087 / min = 4087 / avg = 4087

# Finished Make data base on Mon Feb 28 23:27:50 2022


# Make data base, printed on Mon Feb 28 23:27:50 2022

# Variables

# automatic
<D = $(patsubst %/,%,$(dir $<))
# automatic
?F = $(notdir $?)
# makefile (from `Makefile', line 5)
SERVER = server
# environment
VSCODE_LOG_NATIVE = false
# automatic
?D = $(patsubst %/,%,$(dir $?))
# makefile (from `Makefile', line 7)
CLIENT_BONUS = client_bonus
# automatic
@D = $(patsubst %/,%,$(dir $@))
# automatic
@F = $(notdir $@)
# makefile
CURDIR := /Users/ooz/Desktop/ecole_42/minitalk
# makefile
SHELL = /bin/sh
# environment
 
make: *** [Libft/libft.a] Error 1
 
VSCODE_NLS_CONFIG = {"locale":"en","availableLanguages":{},"_languagePackSupport":true}
# environment
_ = /usr/bin/make
# makefile (from `Makefile', line 2)
CFLAGS = -Wall -Werror -Wextra -Ilibft
# makefile (from `Makefile', line 1)
MAKEFILE_LIST :=  Makefile
# environment
VSCODE_NODE_CACHED_DATA_DIR = /Users/ooz/Library/Application Support/Code/CachedData/054a9295330880ed74ceaedda236253b4f39a335
# environment
VSCODE_VERBOSE_LOGGING = true
# environment
VSCODE_IPC_HOOK_EXTHOST = /var/folders/zz/zyxvpxvq6csfxvn_n000cbb80032tt/T/vscode-ipc-cd2d72d2-5247-40e0-8d3b-a68fb864305c.sock
# environment
VSCODE_CWD = /
# environment
PATH = /usr/local/bin:/usr/bin:/bin:/usr/sbin:/sbin:/usr/local/munki:/Library/Apple/usr/bin
# environment
VSCODE_LOG_STACK = false
# environment
ELECTRON_RUN_AS_NODE = 1
# default
.FEATURES := target-specific order-only second-expansion else-if archives jobserver check-symlink
# environment
SSH_AUTH_SOCK = /private/tmp/com.apple.launchd.EBK4o2abMk/Listeners
# automatic
%F = $(notdir $%)
# environment
VSCODE_PIPE_LOGGING = true
# environment
PWD = /Users/ooz/Desktop/ecole_42/minitalk
# environment
ORIGINAL_XDG_CURRENT_DESKTOP = undefined
# environment
VSCODE_AMD_ENTRYPOINT = vs/workbench/services/extensions/node/extensionHostProcess
# environment
HOME = /Users/ooz
# default
MAKEFILEPATH := /Applications/Xcode.app/Contents/Developer/Makefiles
# makefile (from `Makefile', line 8)
SERVER_BONUS = server_bonus
# environment
LOGNAME = ooz
# environment
APPLICATION_INSIGHTS_NO_DIAGNOSTIC_CHANNEL = true
# environment
VSCODE_HANDLES_UNCAUGHT_ERRORS = true
# automatic
^D = $(patsubst %/,%,$(dir $^))
# environment
XPC_FLAGS = 0x0
# default
MAKE = $(MAKE_COMMAND)
# default
MAKECMDGOALS := all
# environment
SHLVL = 1
# makefile (from `Makefile', line 4)
CLIENT = client
# makefile (from `Makefile', line 11)
LIBFT = Libft/libft.a
# makefile (from `Makefile', line 1)
CC = gcc
# default
MAKE_VERSION := 3.81
# environment
USER = ooz
# makefile
.DEFAULT_GOAL := all
# makefile (from `Makefile', line 10)
NAME = $(CLIENT) $(SERVER)
# automatic
%D = $(patsubst %/,%,$(dir $%))
# default
MAKE_COMMAND := /Applications/Xcode.app/Contents/Developer/usr/bin/make
# default
.VARIABLES := 
# environment
TMPDIR = /var/folders/zz/zyxvpxvq6csfxvn_n000cbb80032tt/T/
# automatic
*F = $(notdir $*)
# environment
VSCODE_IPC_HOOK = /Users/ooz/Library/Application Support/Code/1.56.2-main.sock
# makefile
MAKEFLAGS = Rrqp
# environment
MFLAGS = -Rrqp
# automatic
*D = $(patsubst %/,%,$(dir $*))
# environment
XPC_SERVICE_NAME = com.microsoft.VSCode.1020
# automatic
+D = $(patsubst %/,%,$(dir $+))
# automatic
+F = $(notdir $+)
# environment
__CF_USER_TEXT_ENCODING = 0x18B5A:0x23:0x18
# default
MAKEFILES := 
# automatic
<F = $(notdir $<)
# environment
LC_ALL = C
# automatic
^F = $(notdir $^)
# default
SUFFIXES := 
# default
.INCLUDE_DIRS = /usr/local/include
# environment
MAKELEVEL := 0
# environment
LANG = C
# environment
VSCODE_PID = 8482
# variable set hash-table stats:
# Load=68/1024=7%, Rehash=0, Collisions=1/112=1%

# Pattern-specific Variable Values

# No pattern-specific variable values.

# Directories

# . (device 16777225, inode 546020): 8 files, no impossibilities.

# 8 files, no impossibilities in 1 directories.

# Implicit Rules

# No implicit rules.

# Files

server_bonus: bonus/server_bonus.c Libft/libft.a
#  Implicit rule search has not been done.
#  Modification time never checked.
#  File has not been updated.
#  commands to execute (from `Makefile', line 24):
	$(CC) $(CFLAGS) bonus/server_bonus.c $(LIBFT) -o server
	

# Not a target:
libft//ft_strlcpy.c:
#  Implicit rule search has been done.
#  Last modified 2022-02-28 23:26:55
#  File has been updated.
#  Successfully updated.
# variable set hash-table stats:
# Load=0/32=0%, Rehash=0, Collisions=0/0=0%

# Not a target:
libft//ft_lstmap.c:
#  Implicit rule search has been done.
#  Last modified 2022-02-28 23:26:55
#  File has been updated.
#  Successfully updated.
# variable set hash-table stats:
# Load=0/32=0%, Rehash=0, Collisions=0/0=0%

# Not a target:
libft//ft_strncmp.c:
#  Implicit rule search has been done.
#  Last modified 2022-02-28 23:26:55
#  File has been updated.
#  Successfully updated.
# variable set hash-table stats:
# Load=0/32=0%, Rehash=0, Collisions=0/0=0%

# Not a target:
bonus/server_bonus.c:
#  Implicit rule search has not been done.
#  Modification time never checked.
#  File has not been updated.

# Not a target:
libft//ft_isalnum.c:
#  Implicit rule search has been done.
#  Last modified 2022-02-28 23:26:55
#  File has been updated.
#  Successfully updated.
# variable set hash-table stats:
# Load=0/32=0%, Rehash=0, Collisions=0/0=0%

all: client server
#  Phony target (prerequisite of .PHONY).
#  Command-line target.
#  Implicit rule search has not been done.
#  File does not exist.
#  File has not been updated.
# variable set hash-table stats:
# Load=0/32=0%, Rehash=0, Collisions=0/4=0%

client: minitalk/client.c Libft/libft.a
#  Implicit rule search has not been done.
#  File does not exist.
#  File has not been updated.
# variable set hash-table stats:
# Load=0/32=0%, Rehash=0, Collisions=0/4=0%
#  commands to execute (from `Makefile', line 18):
	$(CC) $(CFLAGS) minitalk/client.c $(LIBFT) -o $(CLIENT)
	

# Not a target:
libft//ft_lstadd_front.c:
#  Implicit rule search has been done.
#  Last modified 2022-02-28 23:26:55
#  File has been updated.
#  Successfully updated.
# variable set hash-table stats:
# Load=0/32=0%, Rehash=0, Collisions=0/0=0%

# Not a target:
libft//ft_strdup.c:
#  Implicit rule search has been done.
#  Last modified 2022-02-28 23:26:55
#  File has been updated.
#  Successfully updated.
# variable set hash-table stats:
# Load=0/32=0%, Rehash=0, Collisions=0/0=0%

.PHONY: all clean fclean re norm
#  Implicit rule search has not been done.
#  Modification time never checked.
#  File has not been updated.

# Not a target:
libft//ft_memmove.c:
#  Implicit rule search has been done.
#  Last modified 2022-02-28 23:26:55
#  File has been updated.
#  Successfully updated.
# variable set hash-table stats:
# Load=0/32=0%, Rehash=0, Collisions=0/0=0%

# Not a target:
libft//ft_strchr.c:
#  Implicit rule search has been done.
#  Last modified 2022-02-28 23:26:55
#  File has been updated.
#  Successfully updated.
# variable set hash-table stats:
# Load=0/32=0%, Rehash=0, Collisions=0/0=0%

# Not a target:
libft//ft_lstdelone.c:
#  Implicit rule search has been done.
#  Last modified 2022-02-28 23:26:55
#  File has been updated.
#  Successfully updated.
# variable set hash-table stats:
# Load=0/32=0%, Rehash=0, Collisions=0/0=0%

# Not a target:
libft//ft_toupper.c:
#  Implicit rule search has been done.
#  Last modified 2022-02-28 23:26:55
#  File has been updated.
#  Successfully updated.
# variable set hash-table stats:
# Load=0/32=0%, Rehash=0, Collisions=0/0=0%

# Not a target:
minitalk/client.c:
#  Implicit rule search has been done.
#  Last modified 2022-02-28 23:26:55
#  File has been updated.
#  Successfully updated.
# variable set hash-table stats:
# Load=0/32=0%, Rehash=0, Collisions=0/0=0%

# Not a target:
libft//ft_strnstr.c:
#  Implicit rule search has been done.
#  Last modified 2022-02-28 23:26:55
#  File has been updated.
#  Successfully updated.
# variable set hash-table stats:
# Load=0/32=0%, Rehash=0, Collisions=0/0=0%

# Not a target:
libft//ft_putstr_fd.c:
#  Implicit rule search has been done.
#  Last modified 2022-02-28 23:26:55
#  File has been updated.
#  Successfully updated.
# variable set hash-table stats:
# Load=0/32=0%, Rehash=0, Collisions=0/0=0%

# Not a target:
libft//ft_printf_utils.c:
#  Implicit rule search has been done.
#  Last modified 2022-02-28 23:26:55
#  File has been updated.
#  Successfully updated.
# variable set hash-table stats:
# Load=0/32=0%, Rehash=0, Collisions=0/0=0%

# Not a target:
.SUFFIXES:
#  Implicit rule search has not been done.
#  Modification time never checked.
#  File has not been updated.

# Not a target:
Makefile:
#  Implicit rule search has been done.
#  Last modified 2022-02-28 23:26:55
#  File has been updated.
#  Successfully updated.
# variable set hash-table stats:
 
# Load=0/32=0%, Rehash=0, Collisions=0/0=0%

server: minitalk/server.c Libft/libft.a
#  Implicit rule search has not been done.
#  Modification time never checked.
#  File has not been updated.
#  commands to execute (from `Makefile', line 21):
	$(CC) $(CFLAGS) minitalk/server.c $(LIBFT) -o $(SERVER)
	

# Not a target:
libft//ft_atoi.c:
#  Implicit rule search has been done.
#  Last modified 2022-02-28 23:26:55
#  File has been updated.
#  Successfully updated.
# variable set hash-table stats:
# Load=0/32=0%, Rehash=0, Collisions=0/0=0%

# Not a target:
libft//ft_strtrim.c:
#  Implicit rule search has been done.
#  Last modified 2022-02-28 23:26:55
#  File has been updated.
#  Successfully updated.
# variable set hash-table stats:
# Load=0/32=0%, Rehash=0, Collisions=0/0=0%

# Not a target:
libft//ft_isascii.c:
#  Implicit rule search has been done.
#  Last modified 2022-02-28 23:26:55
#  File has been updated.
#  Successfully updated.
# variable set hash-table stats:
# Load=0/32=0%, Rehash=0, Collisions=0/0=0%

# Not a target:
libft//ft_lstadd_back.c:
#  Implicit rule search has been done.
#  Last modified 2022-02-28 23:26:55
#  File has been updated.
#  Successfully updated.
# variable set hash-table stats:
# Load=0/32=0%, Rehash=0, Collisions=0/0=0%

# Not a target:
minitalk/server.c:
#  Implicit rule search has not been done.
#  Modification time never checked.
#  File has not been updated.

# Not a target:
libft//ft_putendl_fd.c:
#  Implicit rule search has been done.
#  Last modified 2022-02-28 23:26:55
#  File has been updated.
#  Successfully updated.
# variable set hash-table stats:
# Load=0/32=0%, Rehash=0, Collisions=0/0=0%

# Not a target:
libft//ft_strmapi.c:
#  Implicit rule search has been done.
#  Last modified 2022-02-28 23:26:55
#  File has been updated.
#  Successfully updated.
# variable set hash-table stats:
# Load=0/32=0%, Rehash=0, Collisions=0/0=0%

# Not a target:
libft//ft_lstiter.c:
#  Implicit rule search has been done.
#  Last modified 2022-02-28 23:26:55
#  File has been updated.
#  Successfully updated.
# variable set hash-table stats:
# Load=0/32=0%, Rehash=0, Collisions=0/0=0%

# Not a target:
libft//ft_strlcat.c:
#  Implicit rule search has been done.
#  Last modified 2022-02-28 23:26:55
#  File has been updated.
#  Successfully updated.
# variable set hash-table stats:
# Load=0/32=0%, Rehash=0, Collisions=0/0=0%

Libft/libft.a: libft//ft_atoi.c libft//ft_bzero.c libft//ft_calloc.c libft//ft_isalnum.c libft//ft_isalpha.c libft//ft_isascii.c libft//ft_isdigit.c libft//ft_isprint.c libft//ft_itoa.c libft//ft_lstadd_back.c libft//ft_lstadd_front.c libft//ft_lstclear.c libft//ft_lstdelone.c libft//ft_lstiter.c libft//ft_lstlast.c libft//ft_lstmap.c libft//ft_lstnew.c libft//ft_lstsize.c libft//ft_memchr.c libft//ft_memcmp.c libft//ft_memcpy.c libft//ft_memmove.c libft//ft_memset.c libft//ft_printf.c libft//ft_printf_utils.c libft//ft_putchar_fd.c libft//ft_putendl_fd.c libft//ft_putnbr_fd.c libft//ft_putstr_fd.c libft//ft_split.c libft//ft_strchr.c libft//ft_strdup.c libft//ft_striteri.c libft//ft_strjoin.c libft//ft_strlcat.c libft//ft_strlcpy.c libft//ft_strlen.c libft//ft_strmapi.c libft//ft_strncmp.c libft//ft_strnstr.c libft//ft_strrchr.c libft//ft_strtrim.c libft//ft_substr.c libft//ft_tolower.c libft//ft_toupper.c libft//get_next_line_bonus.c
#  Implicit rule search has not been done.
#  Implicit/static pattern stem: `'
#  Modification time never checked.
#  File has been updated.
#  Failed to be updated.
# automatic
# @ := Libft/libft.a
# automatic
# % := 
# automatic
# * := 
# automatic
# + := libft//ft_atoi.c libft//ft_bzero.c libft//ft_calloc.c libft//ft_isalnum.c libft//ft_isalpha.c libft//ft_isascii.c libft//ft_isdigit.c libft//ft_isprint.c libft//ft_itoa.c libft//ft_lstadd_back.c libft//ft_lstadd_front.c libft//ft_lstclear.c libft//ft_lstdelone.c libft//ft_lstiter.c libft//ft_lstlast.c libft//ft_lstmap.c libft//ft_lstnew.c libft//ft_lstsize.c libft//ft_memchr.c libft//ft_memcmp.c libft//ft_memcpy.c libft//ft_memmove.c libft//ft_memset.c libft//ft_printf.c libft//ft_printf_utils.c libft//ft_putchar_fd.c libft//ft_putendl_fd.c libft//ft_putnbr_fd.c libft//ft_putstr_fd.c libft//ft_split.c libft//ft_strchr.c libft//ft_strdup.c libft//ft_striteri.c libft//ft_strjoin.c libft//ft_strlcat.c libft//ft_strlcpy.c libft//ft_strlen.c libft//ft_strmapi.c libft//ft_strncmp.c libft//ft_strnstr.c libft//ft_strrchr.c libft//ft_strtrim.c libft//ft_substr.c libft//ft_tolower.c libft//ft_toupper.c libft//get_next_line_bonus.c
# automatic
# | := 
# automatic
# < := libft//ft_atoi.c
# automatic
# ^ := libft//ft_atoi.c libft//ft_bzero.c libft//ft_calloc.c libft//ft_isalnum.c libft//ft_isalpha.c libft//ft_isascii.c libft//ft_isdigit.c libft//ft_isprint.c libft//ft_itoa.c libft//ft_lstadd_back.c libft//ft_lstadd_front.c libft//ft_lstclear.c libft//ft_lstdelone.c libft//ft_lstiter.c libft//ft_lstlast.c libft//ft_lstmap.c libft//ft_lstnew.c libft//ft_lstsize.c libft//ft_memchr.c libft//ft_memcmp.c libft//ft_memcpy.c libft//ft_memmove.c libft//ft_memset.c libft//ft_printf.c libft//ft_printf_utils.c libft//ft_putchar_fd.c libft//ft_putendl_fd.c libft//ft_putnbr_fd.c libft//ft_putstr_fd.c libft//ft_split.c libft//ft_strchr.c libft//ft_strdup.c libft//ft_striteri.c libft//ft_strjoin.c libft//ft_strlcat.c libft//ft_strlcpy.c libft//ft_strlen.c libft//ft_strmapi.c libft//ft_strncmp.c libft//ft_strnstr.c libft//ft_strrchr.c libft//ft_strtrim.c libft//ft_substr.c libft//ft_tolower.c libft//ft_toupper.c libft//get_next_line_bonus.c
# automatic
# ? := libft//ft_atoi.c libft//ft_bzero.c libft//ft_calloc.c libft//ft_isalnum.c libft//ft_isalpha.c libft//ft_isascii.c libft//ft_isdigit.c libft//ft_isprint.c libft//ft_itoa.c libft//ft_lstadd_back.c libft//ft_lstadd_front.c libft//ft_lstclear.c libft//ft_lstdelone.c libft//ft_lstiter.c libft//ft_lstlast.c libft//ft_lstmap.c libft//ft_lstnew.c libft//ft_lstsize.c libft//ft_memchr.c libft//ft_memcmp.c libft//ft_memcpy.c libft//ft_memmove.c libft//ft_memset.c libft//ft_printf.c libft//ft_printf_utils.c libft//ft_putchar_fd.c libft//ft_putendl_fd.c libft//ft_putnbr_fd.c libft//ft_putstr_fd.c libft//ft_split.c libft//ft_strchr.c libft//ft_strdup.c libft//ft_striteri.c libft//ft_strjoin.c libft//ft_strlcat.c libft//ft_strlcpy.c libft//ft_strlen.c libft//ft_strmapi.c libft//ft_strncmp.c libft//ft_strnstr.c libft//ft_strrchr.c libft//ft_strtrim.c libft//ft_substr.c libft//ft_tolower.c libft//ft_toupper.c libft//get_next_line_bonus.c
# variable set hash-table stats:
# Load=8/32=25%, Rehash=0, Collisions=2/12=17%
#  commands to execute (from `Makefile', line 30):
	$(MAKE) -C Libft 
	

bonus: client_bonus server_bonus
#  Implicit rule search has not been done.
#  Modification time never checked.
#  File has not been updated.

# Not a target:
libft//ft_memcpy.c:
#  Implicit rule search has been done.
#  Last modified 2022-02-28 23:26:55
#  File has been updated.
#  Successfully updated.
# variable set hash-table stats:
# Load=0/32=0%, Rehash=0, Collisions=0/0=0%

# Not a target:
libft//ft_itoa.c:
#  Implicit rule search has been done.
#  Last modified 2022-02-28 23:26:55
#  File has been updated.
#  Successfully updated.
# variable set hash-table stats:
# Load=0/32=0%, Rehash=0, Collisions=0/0=0%

fclean: clean
#  Phony target (prerequisite of .PHONY).
#  Implicit rule search has not been done.
#  File does not exist.
#  File has not been updated.
#  commands to execute (from `Makefile', line 36):
	$(MAKE) -C Libft fclean
	rm -rf $(NAME) $(SERVER_BONUS) $(CLIENT_BONUS)
	

# Not a target:
libft//ft_memcmp.c:
#  Implicit rule search has been done.
#  Last modified 2022-02-28 23:26:55
#  File has been updated.
#  Successfully updated.
# variable set hash-table stats:
# Load=0/32=0%, Rehash=0, Collisions=0/0=0%

# Not a target:
libft//ft_strlen.c:
#  Implicit rule search has been done.
#  Last modified 2022-02-28 23:26:55
#  File has been updated.
#  Successfully updated.
# variable set hash-table stats:
# Load=0/32=0%, Rehash=0, Collisions=0/0=0%

# Not a target:
libft//ft_isdigit.c:
#  Implicit rule search has been done.
#  Last modified 2022-02-28 23:26:55
#  File has been updated.
 
#  Successfully updated.
# variable set hash-table stats:
# Load=0/32=0%, Rehash=0, Collisions=0/0=0%

# Not a target:
libft//ft_lstlast.c:
#  Implicit rule search has been done.
#  Last modified 2022-02-28 23:26:55
#  File has been updated.
#  Successfully updated.
# variable set hash-table stats:
# Load=0/32=0%, Rehash=0, Collisions=0/0=0%

# Not a target:
libft//ft_memchr.c:
#  Implicit rule search has been done.
#  Last modified 2022-02-28 23:26:55
#  File has been updated.
#  Successfully updated.
# variable set hash-table stats:
# Load=0/32=0%, Rehash=0, Collisions=0/0=0%

norm:
#  Phony target (prerequisite of .PHONY).
#  Implicit rule search has not been done.
#  File does not exist.
#  File has not been updated.
#  commands to execute (from `Makefile', line 42):
	@norminette */*.[ch] | grep ': OK!' -v || printf '\nHepsi doğru!\n\n'
	

# Not a target:
libft//ft_memset.c:
#  Implicit rule search has been done.
#  Last modified 2022-02-28 23:26:55
#  File has been updated.
#  Successfully updated.
# variable set hash-table stats:
# Load=0/32=0%, Rehash=0, Collisions=0/0=0%

# Not a target:
libft//ft_tolower.c:
#  Implicit rule search has been done.
#  Last modified 2022-02-28 23:26:55
#  File has been updated.
#  Successfully updated.
# variable set hash-table stats:
# Load=0/32=0%, Rehash=0, Collisions=0/0=0%

# Not a target:
.DEFAULT:
#  Implicit rule search has not been done.
#  Modification time never checked.
#  File has not been updated.

# Not a target:
libft//ft_strrchr.c:
#  Implicit rule search has been done.
#  Last modified 2022-02-28 23:26:55
#  File has been updated.
#  Successfully updated.
# variable set hash-table stats:
# Load=0/32=0%, Rehash=0, Collisions=0/0=0%

# Not a target:
libft//ft_strjoin.c:
#  Implicit rule search has been done.
#  Last modified 2022-02-28 23:26:55
#  File has been updated.
#  Successfully updated.
# variable set hash-table stats:
# Load=0/32=0%, Rehash=0, Collisions=0/0=0%

# Not a target:
libft//ft_split.c:
#  Implicit rule search has been done.
#  Last modified 2022-02-28 23:26:55
#  File has been updated.
#  Successfully updated.
# variable set hash-table stats:
# Load=0/32=0%, Rehash=0, Collisions=0/0=0%

# Not a target:
libft//ft_lstclear.c:
#  Implicit rule search has been done.
#  Last modified 2022-02-28 23:26:55
#  File has been updated.
#  Successfully updated.
# variable set hash-table stats:
# Load=0/32=0%, Rehash=0, Collisions=0/0=0%

# Not a target:
libft//ft_printf.c:
#  Implicit rule search has been done.
#  Last modified 2022-02-28 23:26:55
#  File has been updated.
#  Successfully updated.
# variable set hash-table stats:
# Load=0/32=0%, Rehash=0, Collisions=0/0=0%

re: fclean all
#  Phony target (prerequisite of .PHONY).
#  Implicit rule search has not been done.
#  File does not exist.
#  File has not been updated.

clean:
#  Phony target (prerequisite of .PHONY).
#  Implicit rule search has not been done.
#  File does not exist.
#  File has not been updated.
#  commands to execute (from `Makefile', line 33):
	$(MAKE) -C Libft clean
	

# Not a target:
libft//ft_bzero.c:
#  Implicit rule search has been done.
#  Last modified 2022-02-28 23:26:55
#  File has been updated.
#  Successfully updated.
# variable set hash-table stats:
# Load=0/32=0%, Rehash=0, Collisions=0/0=0%

# Not a target:
libft//ft_isprint.c:
#  Implicit rule search has been done.
#  Last modified 2022-02-28 23:26:55
#  File has been updated.
#  Successfully updated.
# variable set hash-table stats:
# Load=0/32=0%, Rehash=0, Collisions=0/0=0%

# Not a target:
libft//ft_striteri.c:
#  Implicit rule search has been done.
#  Last modified 2022-02-28 23:26:55
#  File has been updated.
#  Successfully updated.
# variable set hash-table stats:
# Load=0/32=0%, Rehash=0, Collisions=0/0=0%

# Not a target:
libft//ft_putchar_fd.c:
#  Implicit rule search has been done.
#  Last modified 2022-02-28 23:26:55
#  File has been updated.
#  Successfully updated.
# variable set hash-table stats:
# Load=0/32=0%, Rehash=0, Collisions=0/0=0%

# Not a target:
libft//ft_lstnew.c:
#  Implicit rule search has been done.
#  Last modified 2022-02-28 23:26:55
#  File has been updated.
#  Successfully updated.
# variable set hash-table stats:
# Load=0/32=0%, Rehash=0, Collisions=0/0=0%

client_bonus: bonus/client_bonus.c Libft/libft.a
#  Implicit rule search has not been done.
#  Modification time never checked.
#  File has not been updated.
#  commands to execute (from `Makefile', line 27):
	$(CC) $(CFLAGS) bonus/client_bonus.c $(LIBFT) -o client
	

# Not a target:
libft//ft_putnbr_fd.c:
#  Implicit rule search has been done.
#  Last modified 2022-02-28 23:26:55
#  File has been updated.
#  Successfully updated.
# variable set hash-table stats:
# Load=0/32=0%, Rehash=0, Collisions=0/0=0%

# Not a target:
bonus/client_bonus.c:
#  Implicit rule search has not been done.
#  Modification time never checked.
#  File has not been updated.

# Not a target:
libft//ft_calloc.c:
#  Implicit rule search has been done.
#  Last modified 2022-02-28 23:26:55
#  File has been updated.
#  Successfully updated.
# variable set hash-table stats:
# Load=0/32=0%, Rehash=0, Collisions=0/0=0%

# Not a target:
libft//ft_substr.c:
#  Implicit rule search has been done.
#  Last modified 2022-02-28 23:26:55
#  File has been updated.
#  Successfully updated.
# variable set hash-table stats:
# Load=0/32=0%, Rehash=0, Collisions=0/0=0%

# Not a target:
libft//ft_isalpha.c:
#  Implicit rule search has been done.
#  Last modified 2022-02-28 23:26:55
#  File has been updated.
#  Successfully updated.
# variable set hash-table stats:
# Load=0/32=0%, Rehash=0, Collisions=0/0=0%

# Not a target:
libft//ft_lstsize.c:
#  Implicit rule search has been done.
#  Last modified 2022-02-28 23:26:55
#  File has been updated.
#  Successfully updated.
# variable set hash-table stats:
# Load=0/32=0%, Rehash=0, Collisions=0/0=0%

# Not a target:
libft//get_next_line_bonus.c:
#  Implicit rule search has been done.
#  Last modified 2022-02-28 23:26:55
#  File has been updated.
#  Successfully updated.
# variable set hash-table stats:
# Load=0/32=0%, Rehash=0, Collisions=0/0=0%

# files hash-table stats:
# Load=65/1024=6%, Rehash=0, Collisions=10/146=7%
# VPATH Search Paths

# No `vpath' search paths.

# No general (`VPATH' variable) search path.

# # of strings in strcache: 1
# # of strcache buffers: 1
# strcache size: total = 4096 / max = 4096 / min = 4096 / avg = 4096
# strcache free: total = 4087 / max = 4087 / min = 4087 / avg = 4087

# Finished Make data base on Mon Feb 28 23:27:50 2022

 
